-------------------------------------------------------------------------------
Test set: com.epaynexus.www.CommandeTest
-------------------------------------------------------------------------------
Tests run: 2, Failures: 0, Errors: 1, Skipped: 0, Time elapsed: 0.871 s <<< FAILURE! -- in com.epaynexus.www.CommandeTest
com.epaynexus.www.CommandeTest.creerCommandeTest -- Time elapsed: 0.486 s <<< ERROR!
com.epaynexus.www.exception.NotFoundException: Employeur non existant
	at com.epaynexus.www.service.EmployeurServiceImpl.lambda$chercherEmployeur$0(EmployeurServiceImpl.java:103)
	at java.base/java.util.Optional.orElseThrow(Optional.java:403)
	at com.epaynexus.www.service.EmployeurServiceImpl.chercherEmployeur(EmployeurServiceImpl.java:103)
	at com.epaynexus.www.service.CommandeServiceImpl.creerCommande(CommandeServiceImpl.java:49)
	at java.base/jdk.internal.reflect.NativeMethodAccessorImpl.invoke0(Native Method)
	at java.base/jdk.internal.reflect.NativeMethodAccessorImpl.invoke(NativeMethodAccessorImpl.java:77)
	at java.base/jdk.internal.reflect.DelegatingMethodAccessorImpl.invoke(DelegatingMethodAccessorImpl.java:43)
	at java.base/java.lang.reflect.Method.invoke(Method.java:568)
	at org.springframework.aop.support.AopUtils.invokeJoinpointUsingReflection(AopUtils.java:351)
	at org.springframework.aop.framework.ReflectiveMethodInvocation.invokeJoinpoint(ReflectiveMethodInvocation.java:196)
	at org.springframework.aop.framework.ReflectiveMethodInvocation.proceed(ReflectiveMethodInvocation.java:163)
	at org.springframework.aop.framework.CglibAopProxy$CglibMethodInvocation.proceed(CglibAopProxy.java:765)
	at org.springframework.transaction.interceptor.TransactionInterceptor$1.proceedWithInvocation(TransactionInterceptor.java:123)
	at org.springframework.transaction.interceptor.TransactionAspectSupport.invokeWithinTransaction(TransactionAspectSupport.java:385)
	at org.springframework.transaction.interceptor.TransactionInterceptor.invoke(TransactionInterceptor.java:119)
	at org.springframework.aop.framework.ReflectiveMethodInvocation.proceed(ReflectiveMethodInvocation.java:184)
	at org.springframework.aop.framework.CglibAopProxy$CglibMethodInvocation.proceed(CglibAopProxy.java:765)
	at org.springframework.aop.framework.CglibAopProxy$DynamicAdvisedInterceptor.intercept(CglibAopProxy.java:717)
	at com.epaynexus.www.service.CommandeServiceImpl$$SpringCGLIB$$0.creerCommande(<generated>)
	at com.epaynexus.www.CommandeTest.creerCommandeTest(CommandeTest.java:41)
	at java.base/java.lang.reflect.Method.invoke(Method.java:568)
	at java.base/java.util.ArrayList.forEach(ArrayList.java:1511)
	at java.base/java.util.ArrayList.forEach(ArrayList.java:1511)

