<?xml version="1.0" encoding="UTF-8"?>
<testsuite xmlns:xsi="http://www.w3.org/2001/XMLSchema-instance" xsi:noNamespaceSchemaLocation="https://maven.apache.org/surefire/maven-surefire-plugin/xsd/surefire-test-report-3.0.xsd" version="3.0" name="com.epaynexus.www.CommandeTest" time="0.871" tests="2" errors="1" skipped="0" failures="0">
  <properties>
[...]
</properties>
  <testcase name="creerCommandeTest" classname="com.epaynexus.www.CommandeTest" time="0.486">
    <error message="Employeur non existant" type="com.epaynexus.www.exception.NotFoundException"><![CDATA[com.epaynexus.www.exception.NotFoundException: Employeur non existant
	at com.epaynexus.www.service.EmployeurServiceImpl.lambda$chercherEmployeur$0(EmployeurServiceImpl.java:103)
	at java.base/java.util.Optional.orElseThrow(Optional.java:403)
	at com.epaynexus.www.service.EmployeurServiceImpl.chercherEmployeur(EmployeurServiceImpl.java:103)
	at com.epaynexus.www.service.CommandeServiceImpl.creerCommande(CommandeServiceImpl.java:49)
	at java.base/jdk.internal.reflect.NativeMethodAccessorImpl.invoke0(Native Method)
	at java.base/jdk.internal.reflect.NativeMethodAccessorImpl.invoke(NativeMethodAccessorImpl.java:77)
	at java.base/jdk.internal.reflect.DelegatingMethodAccessorImpl.invoke(DelegatingMethodAccessorImpl.java:43)
	at java.base/java.lang.reflect.Method.invoke(Method.java:568)
	at org.springframework.aop.support.AopUtils.invokeJoinpointUsingReflection(AopUtils.java:351)
	at org.springframework.aop.framework.ReflectiveMethodInvocation.invokeJoinpoint(ReflectiveMethodInvocation.java:196)
	at org.springframework.aop.framework.ReflectiveMethodInvocation.proceed(ReflectiveMethodInvocation.java:163)
	at org.springframework.aop.framework.CglibAopProxy$CglibMethodInvocation.proceed(CglibAopProxy.java:765)
	at org.springframework.transaction.interceptor.TransactionInterceptor$1.proceedWithInvocation(TransactionInterceptor.java:123)
	at org.springframework.transaction.interceptor.TransactionAspectSupport.invokeWithinTransaction(TransactionAspectSupport.java:385)
	at org.springframework.transaction.interceptor.TransactionInterceptor.invoke(TransactionInterceptor.java:119)
	at org.springframework.aop.framework.ReflectiveMethodInvocation.proceed(ReflectiveMethodInvocation.java:184)
	at org.springframework.aop.framework.CglibAopProxy$CglibMethodInvocation.proceed(CglibAopProxy.java:765)
	at org.springframework.aop.framework.CglibAopProxy$DynamicAdvisedInterceptor.intercept(CglibAopProxy.java:717)
	at com.epaynexus.www.service.CommandeServiceImpl$$SpringCGLIB$$0.creerCommande(<generated>)
	at com.epaynexus.www.CommandeTest.creerCommandeTest(CommandeTest.java:41)
	at java.base/java.lang.reflect.Method.invoke(Method.java:568)
	at java.base/java.util.ArrayList.forEach(ArrayList.java:1511)
	at java.base/java.util.ArrayList.forEach(ArrayList.java:1511)
]]></error>
    <system-out><![CDATA[2024-03-24T20:41:25.309Z  INFO 668 --- [           main] t.c.s.AnnotationConfigContextLoaderUtils : Could not detect default configuration classes for test class [com.epaynexus.www.CommandeTest]: CommandeTest does not declare any static, non-private, non-final, nested classes annotated with @Configuration.
2024-03-24T20:41:25.317Z  INFO 668 --- [           main] .b.t.c.SpringBootTestContextBootstrapper : Found @SpringBootConfiguration com.epaynexus.www.EPayNexusAventixApiApplication for test class com.epaynexus.www.CommandeTest
2024-03-24T20:41:25.513Z DEBUG 668 --- [           main] org.hibernate.SQL                        : select e1_0.employeur_id,e1_1.email,e1_1.mot_de_passe,e1_1.nom,e1_1.prenom,e1_1.role,e1_1.telephone,e1_0.adresse,e1_0.code_postal,e1_0.effectif,e1_0.nom_entreprise,e1_0.num_siret,e1_0.raison_sociale from employeur e1_0 join utilisateur e1_1 on e1_0.employeur_id=e1_1.id where e1_0.employeur_id=?
]]></system-out>
  </testcase>
  <testcase name="extraireToutesCommandesTest" classname="com.epaynexus.www.CommandeTest" time="0.322">
    <system-out><![CDATA[2024-03-24T20:41:26.006Z DEBUG 668 --- [           main] org.hibernate.SQL                        : select count(*) from commande c1_0
2024-03-24T20:41:26.046Z DEBUG 668 --- [           main] org.hibernate.SQL                        : select c1_0.reference,c1_0.date_creation,c1_0.employeur_employeur_id,c1_0.etat,c1_0.facture_identifiant,c1_0.nombre_salaries,c1_0.plafond_quotidien from commande c1_0
2024-03-24T20:41:26.085Z DEBUG 668 --- [           main] org.hibernate.SQL                        : select f1_0.identifiant,c1_0.reference,c1_0.date_creation,e1_0.employeur_id,e1_1.email,e1_1.mot_de_passe,e1_1.nom,e1_1.prenom,e1_1.role,e1_1.telephone,e1_0.adresse,e1_0.code_postal,e1_0.effectif,e1_0.nom_entreprise,e1_0.num_siret,e1_0.raison_sociale,c1_0.etat,c1_0.nombre_salaries,c1_0.plafond_quotidien,f1_0.cout_total from facture f1_0 left join commande c1_0 on f1_0.identifiant=c1_0.facture_identifiant left join (employeur e1_0 join utilisateur e1_1 on e1_0.employeur_id=e1_1.id) on e1_0.employeur_id=c1_0.employeur_employeur_id where f1_0.identifiant=?
2024-03-24T20:41:26.103Z DEBUG 668 --- [           main] org.hibernate.SQL                        : select s1_0.commande_reference,s1_0.salarie_id,s1_1.email,s1_1.mot_de_passe,s1_1.nom,s1_1.prenom,s1_1.role,s1_1.telephone,s1_0.actif,cv1_0.numero,cv1_0.active,cv1_0.date_creation,cv1_0.date_expiration,cv1_0.plafond_quotidien,cv1_0.solde,s1_0.forfait_journalier,s1_0.poste from salarie s1_0 join utilisateur s1_1 on s1_0.salarie_id=s1_1.id left join carte_virtuelle cv1_0 on s1_0.salarie_id=cv1_0.salarie_salarie_id where s1_0.commande_reference=?
2024-03-24T20:41:26.112Z DEBUG 668 --- [           main] org.hibernate.SQL                        : select s1_0.commande_reference,s1_0.salarie_id,s1_1.email,s1_1.mot_de_passe,s1_1.nom,s1_1.prenom,s1_1.role,s1_1.telephone,s1_0.actif,cv1_0.numero,cv1_0.active,cv1_0.date_creation,cv1_0.date_expiration,cv1_0.plafond_quotidien,cv1_0.solde,s1_0.forfait_journalier,s1_0.poste from salarie s1_0 join utilisateur s1_1 on s1_0.salarie_id=s1_1.id left join carte_virtuelle cv1_0 on s1_0.salarie_id=cv1_0.salarie_salarie_id where s1_0.commande_reference=?
2024-03-24T20:41:26.116Z DEBUG 668 --- [           main] org.hibernate.SQL                        : select s1_0.commande_reference,s1_0.salarie_id,s1_1.email,s1_1.mot_de_passe,s1_1.nom,s1_1.prenom,s1_1.role,s1_1.telephone,s1_0.actif,cv1_0.numero,cv1_0.active,cv1_0.date_creation,cv1_0.date_expiration,cv1_0.plafond_quotidien,cv1_0.solde,s1_0.forfait_journalier,s1_0.poste from salarie s1_0 join utilisateur s1_1 on s1_0.salarie_id=s1_1.id left join carte_virtuelle cv1_0 on s1_0.salarie_id=cv1_0.salarie_salarie_id where s1_0.commande_reference=?
2024-03-24T20:41:26.118Z DEBUG 668 --- [           main] org.hibernate.SQL                        : select s1_0.commande_reference,s1_0.salarie_id,s1_1.email,s1_1.mot_de_passe,s1_1.nom,s1_1.prenom,s1_1.role,s1_1.telephone,s1_0.actif,cv1_0.numero,cv1_0.active,cv1_0.date_creation,cv1_0.date_expiration,cv1_0.plafond_quotidien,cv1_0.solde,s1_0.forfait_journalier,s1_0.poste from salarie s1_0 join utilisateur s1_1 on s1_0.salarie_id=s1_1.id left join carte_virtuelle cv1_0 on s1_0.salarie_id=cv1_0.salarie_salarie_id where s1_0.commande_reference=?
2024-03-24T20:41:26.121Z DEBUG 668 --- [           main] org.hibernate.SQL                        : select s1_0.commande_reference,s1_0.salarie_id,s1_1.email,s1_1.mot_de_passe,s1_1.nom,s1_1.prenom,s1_1.role,s1_1.telephone,s1_0.actif,cv1_0.numero,cv1_0.active,cv1_0.date_creation,cv1_0.date_expiration,cv1_0.plafond_quotidien,cv1_0.solde,s1_0.forfait_journalier,s1_0.poste from salarie s1_0 join utilisateur s1_1 on s1_0.salarie_id=s1_1.id left join carte_virtuelle cv1_0 on s1_0.salarie_id=cv1_0.salarie_salarie_id where s1_0.commande_reference=?
2024-03-24T20:41:26.123Z DEBUG 668 --- [           main] org.hibernate.SQL                        : select s1_0.commande_reference,s1_0.salarie_id,s1_1.email,s1_1.mot_de_passe,s1_1.nom,s1_1.prenom,s1_1.role,s1_1.telephone,s1_0.actif,cv1_0.numero,cv1_0.active,cv1_0.date_creation,cv1_0.date_expiration,cv1_0.plafond_quotidien,cv1_0.solde,s1_0.forfait_journalier,s1_0.poste from salarie s1_0 join utilisateur s1_1 on s1_0.salarie_id=s1_1.id left join carte_virtuelle cv1_0 on s1_0.salarie_id=cv1_0.salarie_salarie_id where s1_0.commande_reference=?
2024-03-24T20:41:26.126Z DEBUG 668 --- [           main] org.hibernate.SQL                        : select s1_0.commande_reference,s1_0.salarie_id,s1_1.email,s1_1.mot_de_passe,s1_1.nom,s1_1.prenom,s1_1.role,s1_1.telephone,s1_0.actif,cv1_0.numero,cv1_0.active,cv1_0.date_creation,cv1_0.date_expiration,cv1_0.plafond_quotidien,cv1_0.solde,s1_0.forfait_journalier,s1_0.poste from salarie s1_0 join utilisateur s1_1 on s1_0.salarie_id=s1_1.id left join carte_virtuelle cv1_0 on s1_0.salarie_id=cv1_0.salarie_salarie_id where s1_0.commande_reference=?
2024-03-24T20:41:26.129Z DEBUG 668 --- [           main] org.hibernate.SQL                        : select s1_0.commande_reference,s1_0.salarie_id,s1_1.email,s1_1.mot_de_passe,s1_1.nom,s1_1.prenom,s1_1.role,s1_1.telephone,s1_0.actif,cv1_0.numero,cv1_0.active,cv1_0.date_creation,cv1_0.date_expiration,cv1_0.plafond_quotidien,cv1_0.solde,s1_0.forfait_journalier,s1_0.poste from salarie s1_0 join utilisateur s1_1 on s1_0.salarie_id=s1_1.id left join carte_virtuelle cv1_0 on s1_0.salarie_id=cv1_0.salarie_salarie_id where s1_0.commande_reference=?
2024-03-24T20:41:26.132Z DEBUG 668 --- [           main] org.hibernate.SQL                        : select s1_0.commande_reference,s1_0.salarie_id,s1_1.email,s1_1.mot_de_passe,s1_1.nom,s1_1.prenom,s1_1.role,s1_1.telephone,s1_0.actif,cv1_0.numero,cv1_0.active,cv1_0.date_creation,cv1_0.date_expiration,cv1_0.plafond_quotidien,cv1_0.solde,s1_0.forfait_journalier,s1_0.poste from salarie s1_0 join utilisateur s1_1 on s1_0.salarie_id=s1_1.id left join carte_virtuelle cv1_0 on s1_0.salarie_id=cv1_0.salarie_salarie_id where s1_0.commande_reference=?
2024-03-24T20:41:26.134Z DEBUG 668 --- [           main] org.hibernate.SQL                        : select s1_0.commande_reference,s1_0.salarie_id,s1_1.email,s1_1.mot_de_passe,s1_1.nom,s1_1.prenom,s1_1.role,s1_1.telephone,s1_0.actif,cv1_0.numero,cv1_0.active,cv1_0.date_creation,cv1_0.date_expiration,cv1_0.plafond_quotidien,cv1_0.solde,s1_0.forfait_journalier,s1_0.poste from salarie s1_0 join utilisateur s1_1 on s1_0.salarie_id=s1_1.id left join carte_virtuelle cv1_0 on s1_0.salarie_id=cv1_0.salarie_salarie_id where s1_0.commande_reference=?
2024-03-24T20:41:26.136Z DEBUG 668 --- [           main] org.hibernate.SQL                        : select s1_0.commande_reference,s1_0.salarie_id,s1_1.email,s1_1.mot_de_passe,s1_1.nom,s1_1.prenom,s1_1.role,s1_1.telephone,s1_0.actif,cv1_0.numero,cv1_0.active,cv1_0.date_creation,cv1_0.date_expiration,cv1_0.plafond_quotidien,cv1_0.solde,s1_0.forfait_journalier,s1_0.poste from salarie s1_0 join utilisateur s1_1 on s1_0.salarie_id=s1_1.id left join carte_virtuelle cv1_0 on s1_0.salarie_id=cv1_0.salarie_salarie_id where s1_0.commande_reference=?
2024-03-24T20:41:26.138Z DEBUG 668 --- [           main] org.hibernate.SQL                        : select s1_0.commande_reference,s1_0.salarie_id,s1_1.email,s1_1.mot_de_passe,s1_1.nom,s1_1.prenom,s1_1.role,s1_1.telephone,s1_0.actif,cv1_0.numero,cv1_0.active,cv1_0.date_creation,cv1_0.date_expiration,cv1_0.plafond_quotidien,cv1_0.solde,s1_0.forfait_journalier,s1_0.poste from salarie s1_0 join utilisateur s1_1 on s1_0.salarie_id=s1_1.id left join carte_virtuelle cv1_0 on s1_0.salarie_id=cv1_0.salarie_salarie_id where s1_0.commande_reference=?
2024-03-24T20:41:26.140Z DEBUG 668 --- [           main] org.hibernate.SQL                        : select s1_0.commande_reference,s1_0.salarie_id,s1_1.email,s1_1.mot_de_passe,s1_1.nom,s1_1.prenom,s1_1.role,s1_1.telephone,s1_0.actif,cv1_0.numero,cv1_0.active,cv1_0.date_creation,cv1_0.date_expiration,cv1_0.plafond_quotidien,cv1_0.solde,s1_0.forfait_journalier,s1_0.poste from salarie s1_0 join utilisateur s1_1 on s1_0.salarie_id=s1_1.id left join carte_virtuelle cv1_0 on s1_0.salarie_id=cv1_0.salarie_salarie_id where s1_0.commande_reference=?
2024-03-24T20:41:26.142Z DEBUG 668 --- [           main] org.hibernate.SQL                        : select s1_0.commande_reference,s1_0.salarie_id,s1_1.email,s1_1.mot_de_passe,s1_1.nom,s1_1.prenom,s1_1.role,s1_1.telephone,s1_0.actif,cv1_0.numero,cv1_0.active,cv1_0.date_creation,cv1_0.date_expiration,cv1_0.plafond_quotidien,cv1_0.solde,s1_0.forfait_journalier,s1_0.poste from salarie s1_0 join utilisateur s1_1 on s1_0.salarie_id=s1_1.id left join carte_virtuelle cv1_0 on s1_0.salarie_id=cv1_0.salarie_salarie_id where s1_0.commande_reference=?
2024-03-24T20:41:26.143Z DEBUG 668 --- [           main] org.hibernate.SQL                        : select s1_0.commande_reference,s1_0.salarie_id,s1_1.email,s1_1.mot_de_passe,s1_1.nom,s1_1.prenom,s1_1.role,s1_1.telephone,s1_0.actif,cv1_0.numero,cv1_0.active,cv1_0.date_creation,cv1_0.date_expiration,cv1_0.plafond_quotidien,cv1_0.solde,s1_0.forfait_journalier,s1_0.poste from salarie s1_0 join utilisateur s1_1 on s1_0.salarie_id=s1_1.id left join carte_virtuelle cv1_0 on s1_0.salarie_id=cv1_0.salarie_salarie_id where s1_0.commande_reference=?
2024-03-24T20:41:26.145Z DEBUG 668 --- [           main] org.hibernate.SQL                        : select s1_0.commande_reference,s1_0.salarie_id,s1_1.email,s1_1.mot_de_passe,s1_1.nom,s1_1.prenom,s1_1.role,s1_1.telephone,s1_0.actif,cv1_0.numero,cv1_0.active,cv1_0.date_creation,cv1_0.date_expiration,cv1_0.plafond_quotidien,cv1_0.solde,s1_0.forfait_journalier,s1_0.poste from salarie s1_0 join utilisateur s1_1 on s1_0.salarie_id=s1_1.id left join carte_virtuelle cv1_0 on s1_0.salarie_id=cv1_0.salarie_salarie_id where s1_0.commande_reference=?
2024-03-24T20:41:26.147Z DEBUG 668 --- [           main] org.hibernate.SQL                        : select s1_0.commande_reference,s1_0.salarie_id,s1_1.email,s1_1.mot_de_passe,s1_1.nom,s1_1.prenom,s1_1.role,s1_1.telephone,s1_0.actif,cv1_0.numero,cv1_0.active,cv1_0.date_creation,cv1_0.date_expiration,cv1_0.plafond_quotidien,cv1_0.solde,s1_0.forfait_journalier,s1_0.poste from salarie s1_0 join utilisateur s1_1 on s1_0.salarie_id=s1_1.id left join carte_virtuelle cv1_0 on s1_0.salarie_id=cv1_0.salarie_salarie_id where s1_0.commande_reference=?
2024-03-24T20:41:26.149Z DEBUG 668 --- [           main] org.hibernate.SQL                        : select s1_0.commande_reference,s1_0.salarie_id,s1_1.email,s1_1.mot_de_passe,s1_1.nom,s1_1.prenom,s1_1.role,s1_1.telephone,s1_0.actif,cv1_0.numero,cv1_0.active,cv1_0.date_creation,cv1_0.date_expiration,cv1_0.plafond_quotidien,cv1_0.solde,s1_0.forfait_journalier,s1_0.poste from salarie s1_0 join utilisateur s1_1 on s1_0.salarie_id=s1_1.id left join carte_virtuelle cv1_0 on s1_0.salarie_id=cv1_0.salarie_salarie_id where s1_0.commande_reference=?
2024-03-24T20:41:26.153Z DEBUG 668 --- [           main] org.hibernate.SQL                        : select s1_0.commande_reference,s1_0.salarie_id,s1_1.email,s1_1.mot_de_passe,s1_1.nom,s1_1.prenom,s1_1.role,s1_1.telephone,s1_0.actif,cv1_0.numero,cv1_0.active,cv1_0.date_creation,cv1_0.date_expiration,cv1_0.plafond_quotidien,cv1_0.solde,s1_0.forfait_journalier,s1_0.poste from salarie s1_0 join utilisateur s1_1 on s1_0.salarie_id=s1_1.id left join carte_virtuelle cv1_0 on s1_0.salarie_id=cv1_0.salarie_salarie_id where s1_0.commande_reference=?
2024-03-24T20:41:26.155Z DEBUG 668 --- [           main] org.hibernate.SQL                        : select s1_0.commande_reference,s1_0.salarie_id,s1_1.email,s1_1.mot_de_passe,s1_1.nom,s1_1.prenom,s1_1.role,s1_1.telephone,s1_0.actif,cv1_0.numero,cv1_0.active,cv1_0.date_creation,cv1_0.date_expiration,cv1_0.plafond_quotidien,cv1_0.solde,s1_0.forfait_journalier,s1_0.poste from salarie s1_0 join utilisateur s1_1 on s1_0.salarie_id=s1_1.id left join carte_virtuelle cv1_0 on s1_0.salarie_id=cv1_0.salarie_salarie_id where s1_0.commande_reference=?
2024-03-24T20:41:26.156Z DEBUG 668 --- [           main] org.hibernate.SQL                        : select s1_0.commande_reference,s1_0.salarie_id,s1_1.email,s1_1.mot_de_passe,s1_1.nom,s1_1.prenom,s1_1.role,s1_1.telephone,s1_0.actif,cv1_0.numero,cv1_0.active,cv1_0.date_creation,cv1_0.date_expiration,cv1_0.plafond_quotidien,cv1_0.solde,s1_0.forfait_journalier,s1_0.poste from salarie s1_0 join utilisateur s1_1 on s1_0.salarie_id=s1_1.id left join carte_virtuelle cv1_0 on s1_0.salarie_id=cv1_0.salarie_salarie_id where s1_0.commande_reference=?
2024-03-24T20:41:26.158Z DEBUG 668 --- [           main] org.hibernate.SQL                        : select s1_0.commande_reference,s1_0.salarie_id,s1_1.email,s1_1.mot_de_passe,s1_1.nom,s1_1.prenom,s1_1.role,s1_1.telephone,s1_0.actif,cv1_0.numero,cv1_0.active,cv1_0.date_creation,cv1_0.date_expiration,cv1_0.plafond_quotidien,cv1_0.solde,s1_0.forfait_journalier,s1_0.poste from salarie s1_0 join utilisateur s1_1 on s1_0.salarie_id=s1_1.id left join carte_virtuelle cv1_0 on s1_0.salarie_id=cv1_0.salarie_salarie_id where s1_0.commande_reference=?
2024-03-24T20:41:26.160Z DEBUG 668 --- [           main] org.hibernate.SQL                        : select s1_0.commande_reference,s1_0.salarie_id,s1_1.email,s1_1.mot_de_passe,s1_1.nom,s1_1.prenom,s1_1.role,s1_1.telephone,s1_0.actif,cv1_0.numero,cv1_0.active,cv1_0.date_creation,cv1_0.date_expiration,cv1_0.plafond_quotidien,cv1_0.solde,s1_0.forfait_journalier,s1_0.poste from salarie s1_0 join utilisateur s1_1 on s1_0.salarie_id=s1_1.id left join carte_virtuelle cv1_0 on s1_0.salarie_id=cv1_0.salarie_salarie_id where s1_0.commande_reference=?
2024-03-24T20:41:26.162Z DEBUG 668 --- [           main] org.hibernate.SQL                        : select s1_0.commande_reference,s1_0.salarie_id,s1_1.email,s1_1.mot_de_passe,s1_1.nom,s1_1.prenom,s1_1.role,s1_1.telephone,s1_0.actif,cv1_0.numero,cv1_0.active,cv1_0.date_creation,cv1_0.date_expiration,cv1_0.plafond_quotidien,cv1_0.solde,s1_0.forfait_journalier,s1_0.poste from salarie s1_0 join utilisateur s1_1 on s1_0.salarie_id=s1_1.id left join carte_virtuelle cv1_0 on s1_0.salarie_id=cv1_0.salarie_salarie_id where s1_0.commande_reference=?
2024-03-24T20:41:26.164Z DEBUG 668 --- [           main] org.hibernate.SQL                        : select s1_0.commande_reference,s1_0.salarie_id,s1_1.email,s1_1.mot_de_passe,s1_1.nom,s1_1.prenom,s1_1.role,s1_1.telephone,s1_0.actif,cv1_0.numero,cv1_0.active,cv1_0.date_creation,cv1_0.date_expiration,cv1_0.plafond_quotidien,cv1_0.solde,s1_0.forfait_journalier,s1_0.poste from salarie s1_0 join utilisateur s1_1 on s1_0.salarie_id=s1_1.id left join carte_virtuelle cv1_0 on s1_0.salarie_id=cv1_0.salarie_salarie_id where s1_0.commande_reference=?
]]></system-out>
  </testcase>
</testsuite>